P 2 0 2 Kathy 8 buy 5 A 37 T 
T 3 2 3 Alex 1 sell 2 A 27 T 
S 6 0 6 Manda 8 sell 3 B 41 T 
P 8 0 8 Melania 5 buy 4 C 16 F 
S 10 0 10 Yee 6 sell 3 B 45 T 
P 10 0 10 Addie 3 buy 2 A 50 T 
P 10 0 10 Vasiliki 5 buy 5 C 31 T 
S 10 0 10 Gaynell 10 sell 1 D 46 F 
S 11 0 11 Wilford 6 sell 1 D -34 T 
S 14 0 14 Pearly 6 sell 1 A 16 T 
T 14 1 14 Gidget 3 sell 1 C 18 T 
T 15 1 15 Lianne 5 sell 4 C 26 F 
P 19 0 19 Ashli 7 buy 3 D 40 T 
S 20 0 20 Gigi 7 sell 1 A 43 F 
S 22 0 22 Mercedes 5 sell 5 B 42 T 
P 22 0 22 Jeanmarie 4 buy 4 C 23 F 
T 23 4 23 Glinda 10 sell 4 D 31 T 
S 23 0 23 Eleanor 1 sell 1 E 13 F 
P 25 0 25 Hal 9 buy 5 F 14 T 
S 28 0 28 Gidget 9 sell 5 E 15 T 
T 30 1 30 Vasiliki 8 buy 5 E 37 T 
P 30 0 30 Brett 2 buy 5 A 30 F 
P 33 0 33 Yee 3 buy 4 G 17 F 
S 33 0 33 Wilford 4 sell 3 B 30 F 
P 34 0 34 Ashli 7 buy 1 A 16 T 
S 36 0 36 Addie 2 sell 2 A 12 F 
P 37 0 37 Pearly 7 buy 1 F 44 F 
P 37 0 37 Alex 2 buy 1 C 32 F 
P 38 0 38 Brett 7 buy 5 D 48 F 
190
